<?xml version="1.0" encoding="UTF-8"?>
<!-- Generated by org.testng.reporters.JUnitReportReporter -->
<testsuite skipped="0" hostname="dhruv-HP-Notebook" name="test.TestNGDemo" tests="1" failures="0" timestamp="11 Aug 2019 19:02:49 GMT" time="5.407" errors="0">
  <testcase name="googleSearch" time="5.407" classname="test.TestNGDemo"/>
</testsuite> <!-- test.TestNGDemo -->
