<?xml version="1.0" encoding="UTF-8"?>
<!-- Generated by org.testng.reporters.JUnitReportReporter -->
<testsuite skipped="0" hostname="dhruv-HP-Notebook" name="test.GroupingDemo" tests="2" failures="0" timestamp="12 Aug 2019 03:26:52 GMT" time="0.014" errors="0">
  <testcase name="test3" time="0.002" classname="test.GroupingDemo"/>
  <testcase name="test2" time="0.012" classname="test.GroupingDemo"/>
</testsuite> <!-- test.GroupingDemo -->
