<?xml version="1.0" encoding="UTF-8"?>
<!-- Generated by org.testng.reporters.JUnitReportReporter -->
<testsuite skipped="0" hostname="dhruv-HP-Notebook" name="test.AssertionsCheck" tests="1" failures="0" timestamp="12 Aug 2019 03:02:55 GMT" time="0.019" errors="0">
  <testcase name="checkAssertions" time="0.019" classname="test.AssertionsCheck"/>
</testsuite> <!-- test.AssertionsCheck -->
